<?xml version="1.0" encoding="UTF-8"?>
<!-- Generated by org.testng.reporters.JUnitXMLReporter -->
<testsuite ignored="0" hostname="DESKTOP-VHBCP6S" failures="0" tests="3" name="Submit Order Tests" time="62.908" errors="0" timestamp="2023-02-14T19:56:13 IST">
  <testcase classname="shady.tests.SubmitOrderTests" name="submitOrder" time="2.885"/>
  <testcase classname="shady.tests.SubmitOrderTests" name="submitOrder" time="2.739"/>
  <testcase classname="shady.tests.SubmitOrderTests" name="OrderHistoryTest" time="0.471"/>
</testsuite> <!-- Submit Order Tests -->
