<?xml version="1.0" encoding="UTF-8"?>
<!-- Generated by org.testng.reporters.JUnitXMLReporter -->
<testsuite ignored="0" hostname="DESKTOP-VHBCP6S" failures="0" tests="3" name="Submit Order Tests" time="18.13" errors="0" timestamp="2023-02-15T18:50:03 IST">
  <testcase classname="shady.tests.SubmitOrderTests" name="submitOrder" time="3.003"/>
  <testcase classname="shady.tests.SubmitOrderTests" name="submitOrder" time="2.863"/>
  <testcase classname="shady.tests.SubmitOrderTests" name="OrderHistoryTest" time="0.425"/>
</testsuite> <!-- Submit Order Tests -->
