-------------------------------------------------------------------------------
Test set: TestSuite
-------------------------------------------------------------------------------
Tests run: 5, Failures: 1, Errors: 0, Skipped: 1, Time elapsed: 24.433 s <<< FAILURE! - in TestSuite
LoginErrorValidation(shady.tests.ErrorValidationTests)  Time elapsed: 0.725 s  <<< FAILURE!
java.lang.AssertionError: expected [Incorrect emailll or password.] but found [Incorrect email or password.]
	at shady.tests.ErrorValidationTests.LoginErrorValidation(ErrorValidationTests.java:22)

